2023-08-06 02:34:17.783163 - Initialized conversion of CBT263
2023-08-06 02:34:18.393813 - Received CBT.V505.FILE263.PDS from FILE263.XMI 
2023-08-06 02:34:18.396181 - Found $$$$DOC.txt (text/plain) in CBT.V505.FILE263.PDS, moved to PDS/$$$$DOC
2023-08-06 02:34:18.397316 - Found $$$#DATE.txt (text/plain) in CBT.V505.FILE263.PDS, moved to PDS/$$$#DATE
2023-08-06 02:34:18.398276 - Found @FILE263.txt (text/plain) in CBT.V505.FILE263.PDS, moved to PDS/@FILE263
2023-08-06 02:34:18.399220 - Found AAAADDR.txt (text/plain) in CBT.V505.FILE263.PDS, moved to PDS/AAAADDR
2023-08-06 02:34:18.400179 - Found ALLOCATE.txt (text/plain) in CBT.V505.FILE263.PDS, moved to PDS/ALLOCATE
2023-08-06 02:34:18.401021 - Found ANUM.txt (text/plain) in CBT.V505.FILE263.PDS, moved to PDS/ANUM
2023-08-06 02:34:18.401937 - Found BEGIN.txt (text/plain) in CBT.V505.FILE263.PDS, moved to PDS/BEGIN
2023-08-06 02:34:18.402874 - Found BER.txt (text/plain) in CBT.V505.FILE263.PDS, moved to PDS/BER
2023-08-06 02:34:18.403791 - Found BHR.txt (text/plain) in CBT.V505.FILE263.PDS, moved to PDS/BHR
2023-08-06 02:34:18.404740 - Found BLR.txt (text/plain) in CBT.V505.FILE263.PDS, moved to PDS/BLR
2023-08-06 02:34:18.405693 - Found BMR.txt (text/plain) in CBT.V505.FILE263.PDS, moved to PDS/BMR
2023-08-06 02:34:18.406619 - Found BNER.txt (text/plain) in CBT.V505.FILE263.PDS, moved to PDS/BNER
2023-08-06 02:34:18.407528 - Found BNHR.txt (text/plain) in CBT.V505.FILE263.PDS, moved to PDS/BNHR
2023-08-06 02:34:18.408402 - Found BNLR.txt (text/plain) in CBT.V505.FILE263.PDS, moved to PDS/BNLR
2023-08-06 02:34:18.409278 - Found BNMR.txt (text/plain) in CBT.V505.FILE263.PDS, moved to PDS/BNMR
2023-08-06 02:34:18.410212 - Found BNOR.txt (text/plain) in CBT.V505.FILE263.PDS, moved to PDS/BNOR
2023-08-06 02:34:18.411134 - Found BNPR.txt (text/plain) in CBT.V505.FILE263.PDS, moved to PDS/BNPR
2023-08-06 02:34:18.412017 - Found BNZR.txt (text/plain) in CBT.V505.FILE263.PDS, moved to PDS/BNZR
2023-08-06 02:34:18.412868 - Found BOR.txt (text/plain) in CBT.V505.FILE263.PDS, moved to PDS/BOR
2023-08-06 02:34:18.413743 - Found BPR.txt (text/plain) in CBT.V505.FILE263.PDS, moved to PDS/BPR
2023-08-06 02:34:18.414654 - Found BZR.txt (text/plain) in CBT.V505.FILE263.PDS, moved to PDS/BZR
2023-08-06 02:34:18.415582 - Found CANCEL.txt (text/plain) in CBT.V505.FILE263.PDS, moved to PDS/CANCEL
2023-08-06 02:34:18.416460 - Found CCB.txt (text/plain) in CBT.V505.FILE263.PDS, moved to PDS/CCB
2023-08-06 02:34:18.417339 - Found CHKPT.txt (text/plain) in CBT.V505.FILE263.PDS, moved to PDS/CHKPT
2023-08-06 02:34:18.418320 - Found CLOSE.txt (text/plain) in CBT.V505.FILE263.PDS, moved to PDS/CLOSE
2023-08-06 02:34:18.419229 - Found CLOSEF.txt (text/plain) in CBT.V505.FILE263.PDS, moved to PDS/CLOSEF
2023-08-06 02:34:18.420097 - Found CLOSER.txt (text/plain) in CBT.V505.FILE263.PDS, moved to PDS/CLOSER
2023-08-06 02:34:18.421066 - Found COMRG.txt (text/plain) in CBT.V505.FILE263.PDS, moved to PDS/COMRG
2023-08-06 02:34:18.422040 - Found DATE.txt (text/plain) in CBT.V505.FILE263.PDS, moved to PDS/DATE
2023-08-06 02:34:18.423002 - Found DCBEXITS.txt (text/plain) in CBT.V505.FILE263.PDS, moved to PDS/DCBEXITS
2023-08-06 02:34:18.423881 - Found DTFALL.txt (text/plain) in CBT.V505.FILE263.PDS, moved to PDS/DTFALL
2023-08-06 02:34:18.424719 - Found DTFCD.txt (text/plain) in CBT.V505.FILE263.PDS, moved to PDS/DTFCD
2023-08-06 02:34:18.425645 - Found DTFDA.txt (text/plain) in CBT.V505.FILE263.PDS, moved to PDS/DTFDA
2023-08-06 02:34:18.426582 - Found DTFIS.txt (text/plain) in CBT.V505.FILE263.PDS, moved to PDS/DTFIS
2023-08-06 02:34:18.427519 - Found DTFMT.txt (text/plain) in CBT.V505.FILE263.PDS, moved to PDS/DTFMT
2023-08-06 02:34:18.428377 - Found DTFPR.txt (text/plain) in CBT.V505.FILE263.PDS, moved to PDS/DTFPR
2023-08-06 02:34:18.429242 - Found DTFSD.txt (text/plain) in CBT.V505.FILE263.PDS, moved to PDS/DTFSD
2023-08-06 02:34:18.430193 - Found ENDFL.txt (text/plain) in CBT.V505.FILE263.PDS, moved to PDS/ENDFL
2023-08-06 02:34:18.431160 - Found ENTER.txt (text/plain) in CBT.V505.FILE263.PDS, moved to PDS/ENTER
2023-08-06 02:34:18.432165 - Found EOJ.txt (text/plain) in CBT.V505.FILE263.PDS, moved to PDS/EOJ
2023-08-06 02:34:18.433119 - Found EQUREG.txt (text/plain) in CBT.V505.FILE263.PDS, moved to PDS/EQUREG
2023-08-06 02:34:18.434112 - Found ESETL.txt (text/plain) in CBT.V505.FILE263.PDS, moved to PDS/ESETL
2023-08-06 02:34:18.435036 - Found EXCP.txt (text/plain) in CBT.V505.FILE263.PDS, moved to PDS/EXCP
2023-08-06 02:34:18.435909 - Found EXIT.txt (text/plain) in CBT.V505.FILE263.PDS, moved to PDS/EXIT
2023-08-06 02:34:18.436804 - Found FETCH.txt (text/plain) in CBT.V505.FILE263.PDS, moved to PDS/FETCH
2023-08-06 02:34:18.437669 - Found FINDUCB.txt (text/plain) in CBT.V505.FILE263.PDS, moved to PDS/FINDUCB
2023-08-06 02:34:18.438629 - Found FIX.txt (text/plain) in CBT.V505.FILE263.PDS, moved to PDS/FIX
2023-08-06 02:34:18.439531 - Found FLOAT.txt (text/plain) in CBT.V505.FILE263.PDS, moved to PDS/FLOAT
2023-08-06 02:34:18.440457 - Found F1DSCB.txt (text/plain) in CBT.V505.FILE263.PDS, moved to PDS/F1DSCB
2023-08-06 02:34:18.441290 - Found F3DSCB.txt (text/plain) in CBT.V505.FILE263.PDS, moved to PDS/F3DSCB
2023-08-06 02:34:18.442211 - Found F4DSCB.txt (text/plain) in CBT.V505.FILE263.PDS, moved to PDS/F4DSCB
2023-08-06 02:34:18.443084 - Found F5DSCB.txt (text/plain) in CBT.V505.FILE263.PDS, moved to PDS/F5DSCB
2023-08-06 02:34:18.443893 - Found F6DSCB.txt (text/plain) in CBT.V505.FILE263.PDS, moved to PDS/F6DSCB
2023-08-06 02:34:18.444694 - Found GAIN.txt (text/plain) in CBT.V505.FILE263.PDS, moved to PDS/GAIN
2023-08-06 02:34:18.445632 - Found GET.txt (text/plain) in CBT.V505.FILE263.PDS, moved to PDS/GET
2023-08-06 02:34:18.446485 - Found GETIME.txt (text/plain) in CBT.V505.FILE263.PDS, moved to PDS/GETIME
2023-08-06 02:34:18.447297 - Found GOBACK.txt (text/plain) in CBT.V505.FILE263.PDS, moved to PDS/GOBACK
2023-08-06 02:34:18.448244 - Found GOTO.txt (text/plain) in CBT.V505.FILE263.PDS, moved to PDS/GOTO
2023-08-06 02:34:18.449121 - Found GTFARRAY.txt (text/plain) in CBT.V505.FILE263.PDS, moved to PDS/GTFARRAY
2023-08-06 02:34:18.450022 - Found GTFCONST.txt (text/plain) in CBT.V505.FILE263.PDS, moved to PDS/GTFCONST
2023-08-06 02:34:18.450999 - Found GTFDISK.txt (text/plain) in CBT.V505.FILE263.PDS, moved to PDS/GTFDISK
2023-08-06 02:34:18.451924 - Found GTFJCL1.txt (text/plain) in CBT.V505.FILE263.PDS, moved to PDS/GTFJCL1
2023-08-06 02:34:18.452868 - Found GTFJCL2.txt (text/plain) in CBT.V505.FILE263.PDS, moved to PDS/GTFJCL2
2023-08-06 02:34:18.453840 - Found GTFQ.txt (text/plain) in CBT.V505.FILE263.PDS, moved to PDS/GTFQ
2023-08-06 02:34:18.454837 - Found GTFREPT.txt (text/plain) in CBT.V505.FILE263.PDS, moved to PDS/GTFREPT
2023-08-06 02:34:18.455735 - Found GTFSUMMY.txt (text/plain) in CBT.V505.FILE263.PDS, moved to PDS/GTFSUMMY
2023-08-06 02:34:18.456571 - Found GTFSVC1.txt (text/plain) in CBT.V505.FILE263.PDS, moved to PDS/GTFSVC1
2023-08-06 02:34:18.457427 - Found GTFSVC2.txt (text/plain) in CBT.V505.FILE263.PDS, moved to PDS/GTFSVC2
2023-08-06 02:34:18.458322 - Found GTFTAB.txt (text/plain) in CBT.V505.FILE263.PDS, moved to PDS/GTFTAB
2023-08-06 02:34:18.459212 - Found GTFZAP.txt (text/plain) in CBT.V505.FILE263.PDS, moved to PDS/GTFZAP
2023-08-06 02:34:18.460064 - Found HEXPRINT.txt (text/plain) in CBT.V505.FILE263.PDS, moved to PDS/HEXPRINT
2023-08-06 02:34:18.460909 - Found INIT.txt (text/plain) in CBT.V505.FILE263.PDS, moved to PDS/INIT
2023-08-06 02:34:18.461831 - Found LATCH.txt (text/plain) in CBT.V505.FILE263.PDS, moved to PDS/LATCH
2023-08-06 02:34:18.462702 - Found LEAVE.txt (text/plain) in CBT.V505.FILE263.PDS, moved to PDS/LEAVE
2023-08-06 02:34:18.463630 - Found LOAD.txt (text/plain) in CBT.V505.FILE263.PDS, moved to PDS/LOAD
2023-08-06 02:34:18.464555 - Found LOSE.txt (text/plain) in CBT.V505.FILE263.PDS, moved to PDS/LOSE
2023-08-06 02:34:18.465486 - Found LPYR.txt (text/plain) in CBT.V505.FILE263.PDS, moved to PDS/LPYR
2023-08-06 02:34:18.466421 - Found MIPCARD.txt (text/plain) in CBT.V505.FILE263.PDS, moved to PDS/MIPCARD
2023-08-06 02:34:18.467306 - Found MIPDSEXT.txt (text/plain) in CBT.V505.FILE263.PDS, moved to PDS/MIPDSEXT
2023-08-06 02:34:18.468245 - Found MIPF1.txt (text/plain) in CBT.V505.FILE263.PDS, moved to PDS/MIPF1
2023-08-06 02:34:18.469156 - Found MIPPCWA.txt (text/plain) in CBT.V505.FILE263.PDS, moved to PDS/MIPPCWA
2023-08-06 02:34:18.470012 - Found MODIN.txt (text/plain) in CBT.V505.FILE263.PDS, moved to PDS/MODIN
2023-08-06 02:34:18.470906 - Found MODOUT.txt (text/plain) in CBT.V505.FILE263.PDS, moved to PDS/MODOUT
2023-08-06 02:34:18.471766 - Found MOVE.txt (text/plain) in CBT.V505.FILE263.PDS, moved to PDS/MOVE
2023-08-06 02:34:18.472586 - Found MSG.txt (text/plain) in CBT.V505.FILE263.PDS, moved to PDS/MSG
2023-08-06 02:34:18.473488 - Found MSGMN.txt (text/plain) in CBT.V505.FILE263.PDS, moved to PDS/MSGMN
2023-08-06 02:34:18.474371 - Found MVCOM.txt (text/plain) in CBT.V505.FILE263.PDS, moved to PDS/MVCOM
2023-08-06 02:34:18.475270 - Found NUMBR.txt (text/plain) in CBT.V505.FILE263.PDS, moved to PDS/NUMBR
2023-08-06 02:34:18.476182 - Found OPEN.txt (text/plain) in CBT.V505.FILE263.PDS, moved to PDS/OPEN
2023-08-06 02:34:18.477106 - Found OPENR.txt (text/plain) in CBT.V505.FILE263.PDS, moved to PDS/OPENR
2023-08-06 02:34:18.477988 - Found PERFORM.txt (text/plain) in CBT.V505.FILE263.PDS, moved to PDS/PERFORM
2023-08-06 02:34:18.478936 - Found PIOCS.txt (text/plain) in CBT.V505.FILE263.PDS, moved to PDS/PIOCS
2023-08-06 02:34:18.479875 - Found PRINCORE.txt (text/plain) in CBT.V505.FILE263.PDS, moved to PDS/PRINCORE
2023-08-06 02:34:18.480807 - Found PRINTCC.txt (text/plain) in CBT.V505.FILE263.PDS, moved to PDS/PRINTCC
2023-08-06 02:34:18.481794 - Found PROGIN.txt (text/plain) in CBT.V505.FILE263.PDS, moved to PDS/PROGIN
2023-08-06 02:34:18.482735 - Found PROGOUT.txt (text/plain) in CBT.V505.FILE263.PDS, moved to PDS/PROGOUT
2023-08-06 02:34:18.483613 - Found PUT.txt (text/plain) in CBT.V505.FILE263.PDS, moved to PDS/PUT
2023-08-06 02:34:18.484430 - Found READ.txt (text/plain) in CBT.V505.FILE263.PDS, moved to PDS/READ
2023-08-06 02:34:18.485358 - Found REGEQU.txt (text/plain) in CBT.V505.FILE263.PDS, moved to PDS/REGEQU
2023-08-06 02:34:18.486316 - Found REPORT.txt (text/plain) in CBT.V505.FILE263.PDS, moved to PDS/REPORT
2023-08-06 02:34:18.487175 - Found REQU.txt (text/plain) in CBT.V505.FILE263.PDS, moved to PDS/REQU
2023-08-06 02:34:18.488086 - Found SETFL.txt (text/plain) in CBT.V505.FILE263.PDS, moved to PDS/SETFL
2023-08-06 02:34:18.489046 - Found SETIME.txt (text/plain) in CBT.V505.FILE263.PDS, moved to PDS/SETIME
2023-08-06 02:34:18.489932 - Found SETL.txt (text/plain) in CBT.V505.FILE263.PDS, moved to PDS/SETL
2023-08-06 02:34:18.490851 - Found SMFGET.txt (text/plain) in CBT.V505.FILE263.PDS, moved to PDS/SMFGET
2023-08-06 02:34:18.491709 - Found SPMODE.txt (text/plain) in CBT.V505.FILE263.PDS, moved to PDS/SPMODE
2023-08-06 02:34:18.492618 - Found STXIT.txt (text/plain) in CBT.V505.FILE263.PDS, moved to PDS/STXIT
2023-08-06 02:34:18.493557 - Found TECB.txt (text/plain) in CBT.V505.FILE263.PDS, moved to PDS/TECB
2023-08-06 02:34:18.494501 - Found TSGINNRA.txt (text/plain) in CBT.V505.FILE263.PDS, moved to PDS/TSGINNRA
2023-08-06 02:34:18.495464 - Found TSGINNRB.txt (text/plain) in CBT.V505.FILE263.PDS, moved to PDS/TSGINNRB
2023-08-06 02:34:18.496383 - Found TSGINNRC.txt (text/plain) in CBT.V505.FILE263.PDS, moved to PDS/TSGINNRC
2023-08-06 02:34:18.497313 - Found TSGINNRD.txt (text/plain) in CBT.V505.FILE263.PDS, moved to PDS/TSGINNRD
2023-08-06 02:34:18.498279 - Found TSGSNAP.txt (text/plain) in CBT.V505.FILE263.PDS, moved to PDS/TSGSNAP
2023-08-06 02:34:18.499209 - Found U251235A.txt (text/plain) in CBT.V505.FILE263.PDS, moved to PDS/U251235A
2023-08-06 02:34:18.500083 - Found U251235B.txt (text/plain) in CBT.V505.FILE263.PDS, moved to PDS/U251235B
2023-08-06 02:34:18.501066 - Found VTOCCAT.txt (text/plain) in CBT.V505.FILE263.PDS, moved to PDS/VTOCCAT
2023-08-06 02:34:18.502031 - Found VTOCEXT.txt (text/plain) in CBT.V505.FILE263.PDS, moved to PDS/VTOCEXT
2023-08-06 02:34:18.503026 - Found VTOCPARM.txt (text/plain) in CBT.V505.FILE263.PDS, moved to PDS/VTOCPARM
2023-08-06 02:34:18.503947 - Found VTOCPCH.txt (text/plain) in CBT.V505.FILE263.PDS, moved to PDS/VTOCPCH
2023-08-06 02:34:18.504887 - Found VTOCPDS.txt (text/plain) in CBT.V505.FILE263.PDS, moved to PDS/VTOCPDS
2023-08-06 02:34:18.505884 - Found VTOCPRT.txt (text/plain) in CBT.V505.FILE263.PDS, moved to PDS/VTOCPRT
2023-08-06 02:34:18.506805 - Found VTOCUSE.txt (text/plain) in CBT.V505.FILE263.PDS, moved to PDS/VTOCUSE
2023-08-06 02:34:18.507742 - Found WAIT.txt (text/plain) in CBT.V505.FILE263.PDS, moved to PDS/WAIT
2023-08-06 02:34:18.508677 - Found WAITF.txt (text/plain) in CBT.V505.FILE263.PDS, moved to PDS/WAITF
2023-08-06 02:34:18.509622 - Found WAYOUT.txt (text/plain) in CBT.V505.FILE263.PDS, moved to PDS/WAYOUT
2023-08-06 02:34:18.510581 - Found WAYUP.txt (text/plain) in CBT.V505.FILE263.PDS, moved to PDS/WAYUP
2023-08-06 02:34:18.511505 - Found WRITE.txt (text/plain) in CBT.V505.FILE263.PDS, moved to PDS/WRITE
2023-08-06 02:34:18.511516 - Found XDATEDIT.bin containing application/octet-stream, moved to PDS/XDATEDIT
2023-08-06 02:34:18.513396 - Found XM21CP.txt (text/plain) in CBT.V505.FILE263.PDS, moved to PDS/XM21CP
2023-08-06 02:34:18.514336 - Found YEBEQU.txt (text/plain) in CBT.V505.FILE263.PDS, moved to PDS/YEBEQU
